鲁技 047066000 bought 16 一等座 tickets of G8903 from 古田北 to 福州 in 2017-4-4
1
G8903
in Edit
古田北 福州 16 G8903 一等座 2017-4-4
out Edit
In Modify Ticket
In modifyRemain
Out modifyRemain
Out Modify Ticket
方卓思 062183201 bought 7 二等座 tickets of G4907 from 合肥南 to 安庆 in 2017-3-29
2
G4907
in Edit
合肥南 安庆 7 G4907 二等座 2017-3-29
out Edit
In Modify Ticket
In modifyRemain
Out modifyRemain
Out Modify Ticket
卢郝 064222000 bought 5 硬座 tickets of D7261 from 中山 to 珠海 in 2017-4-2
3
D7261
in Edit
中山 珠海 5 D7261 硬座 2017-4-2
out Edit
In Modify Ticket
In modifyRemain
Out modifyRemain
Out Modify Ticket
葛派 042040000 bought 10 无座 tickets of D7833 from 齐齐哈尔南 to 齐齐哈尔 in 2017-3-30
4
D7833
in Edit
齐齐哈尔南 齐齐哈尔 10 D7833 无座 2017-3-30
out Edit
In Modify Ticket
In modifyRemain
Out modifyRemain
Out Modify Ticket
吴征 005050000 bought 1 一等座 ticket of C7103 from 广州 to 东莞 in 2017-4-1
5
C7103
in Edit
广州 东莞 1 C7103 一等座 2017-4-1
out Edit
In Modify Ticket
In modifyRemain
Out modifyRemain
Out Modify Ticket
窦欧 037077000 bought 16 二等座 tickets of D9 from 北京 to 秦皇岛 in 2017-4-22
6
D9
in Edit
北京 秦皇岛 16 D9 二等座 2017-4-22
out Edit
In Modify Ticket
In modifyRemain
Out modifyRemain
Out Modify Ticket
韦许祖 048188001 bought 4 无座 tickets of K5171 from 牡丹江 to 绥芬河 in 2017-4-17
7
K5171
in Edit
牡丹江 绥芬河 4 K5171 无座 2017-4-17
out Edit
In Modify Ticket
In modifyRemain
Out modifyRemain
Out Modify Ticket
凤听 052157000 bought 16 二等座 tickets of G4823/G4826 from 麻城北 to 南京南 in 2017-4-14
8
G4823/G4826
in Edit
麻城北 南京南 16 G4823/G4826 二等座 2017-4-14
out Edit
In Modify Ticket
In modifyRemain
Out modifyRemain
Out Modify Ticket
华拥 026094000 bought 19 硬座 tickets of Z36 from 郑州 to 北京西 in 2017-3-31
9
Z36
in Edit
郑州 北京西 19 Z36 硬座 2017-3-31
out Edit
In Modify Ticket
In modifyRemain
Out modifyRemain
Out Modify Ticket
魏毕 028029000 bought 17 二等座 tickets of C7725 from 小榄 to 新会 in 2017-4-4
10
C7725
in Edit
小榄 新会 17 C7725 二等座 2017-4-4
out Edit
In Modify Ticket
In modifyRemain
Out modifyRemain
Out Modify Ticket
任冰 056031000 bought 19 二等座 tickets of D6054 from 青州市 to 济南 in 2017-4-5
11
D6054
in Edit
青州市 济南 19 D6054 二等座 2017-4-5
out Edit
In Modify Ticket
In modifyRemain
Out modifyRemain
Out Modify Ticket
陈智 009204000 bought 11 无座 tickets of G172 from 沧州西 to 天津西 in 2017-3-30
12
G172
in Edit
沧州西 天津西 11 G172 无座 2017-3-30
out Edit
In Modify Ticket
In modifyRemain
Out modifyRemain
Out Modify Ticket
鲁压 047019000 bought 14 一等座 tickets of G2915 from 肇庆东 to 深圳北 in 2017-4-8
13
G2915
in Edit
肇庆东 深圳北 14 G2915 一等座 2017-4-8
out Edit
In Modify Ticket
In modifyRemain
Out modifyRemain
Out Modify Ticket
范忆 044075000 bought 6 特等座 tickets of G1233/G1236 from 泰安 to 滨海 in 2017-4-26
14
G1233/G1236
in Edit
泰安 滨海 6 G1233/G1236 特等座 2017-4-26
out Edit
In Modify Ticket
In modifyRemain
Out modifyRemain
Out Modify Ticket
鲁鞋既 047125032 bought 9 无座 tickets of D3231 from 雁荡山 to 鳌江 in 2017-4-13
15
D3231
in Edit
雁荡山 鳌江 9 D3231 无座 2017-4-13
out Edit
In Modify Ticket
In modifyRemain
Out modifyRemain
Out Modify Ticket
钱划窗 001153004 bought 2 一等座 tickets of G7317 from 嘉兴南 to 桐乡 in 2017-4-16
16
G7317
in Edit
嘉兴南 桐乡 2 G7317 一等座 2017-4-16
out Edit
In Modify Ticket
In modifyRemain
Out modifyRemain
Out Modify Ticket
方罪佳 062123190 bought 13 无座 tickets of K4089 from 惠州 to 东莞东 in 2017-4-23
17
K4089
in Edit
惠州 东莞东 13 K4089 无座 2017-4-23
out Edit
In Modify Ticket
In modifyRemain
Out modifyRemain
Out Modify Ticket
郝藸 073142000 bought 14 硬座 tickets of T3089 from 天柱山 to 兴国 in 2017-4-9
18
T3089
in Edit
天柱山 兴国 14 T3089 硬座 2017-4-9
out Edit
In Modify Ticket
In modifyRemain
Out modifyRemain
Out Modify Ticket
陶典盖 029165144 bought 14 特等座 tickets of C1246 from 吉林 to 长春 in 2017-4-15
19
C1246
in Edit
吉林 长春 14 C1246 特等座 2017-4-15
out Edit
In Modify Ticket
In modifyRemain
Out modifyRemain
Out Modify Ticket
孔洗萨 023025151 bought 11 一等座 tickets of G476 from 济南 to 济南西 in 2017-4-20
20
G476
in Edit
济南 济南西 11 G476 一等座 2017-4-20
out Edit
In Modify Ticket
In modifyRemain
Out modifyRemain
Out Modify Ticket
水盖枪 036144135 bought 12 无座 tickets of K5370 from 洛阳 to 偃师 in 2017-4-19
21
K5370
in Edit
洛阳 偃师 12 K5370 无座 2017-4-19
out Edit
In Modify Ticket
In modifyRemain
Out modifyRemain
Out Modify Ticket
陈脱 009042000 bought 12 无座 tickets of K8599 from 建湖 to 东台 in 2017-4-16
22
K8599
in Edit
建湖 东台 12 K8599 无座 2017-4-16
out Edit
In Modify Ticket
In modifyRemain
Out modifyRemain
Out Modify Ticket
韦妹摇 048141101 bought 16 二等座 tickets of G1003 from 英德西 to 广州南 in 2017-4-16
23
G1003
in Edit
英德西 广州南 16 G1003 二等座 2017-4-16
out Edit
In Modify Ticket
In modifyRemain
Out modifyRemain
Out Modify Ticket
方典 062165000 bought 10 一等座 tickets of G7576/G7577 from 绍兴北 to 镇江 in 2017-3-30
24
G7576/G7577
in Edit
绍兴北 镇江 10 G7576/G7577 一等座 2017-3-30
out Edit
In Modify Ticket
In modifyRemain
Out modifyRemain
Out Modify Ticket
范旧亡 044008124 bought 17 二等座 tickets of D8347 from 南宁东 to 梧州南 in 2017-4-17
25
D8347
in Edit
南宁东 梧州南 17 D8347 二等座 2017-4-17
out Edit
In Modify Ticket
In modifyRemain
Out modifyRemain
Out Modify Ticket
葛余金 042053195 bought 13 一等座 tickets of C2941 from 修武西 to 武陟 in 2017-4-26
26
C2941
in Edit
修武西 武陟 13 C2941 一等座 2017-4-26
out Edit
In Modify Ticket
In modifyRemain
Out modifyRemain
Out Modify Ticket
谢良恐 032090137 bought 13 商务座 tickets of D8534 from 重庆北 to 长寿北 in 2017-4-22
27
D8534
in Edit
重庆北 长寿北 13 D8534 商务座 2017-4-22
out Edit
In Modify Ticket
In modifyRemain
Out modifyRemain
Out Modify Ticket
吕济 020170000 bought 15 一等座 tickets of C6430 from 垫江 to 万州北 in 2017-4-2
28
C6430
in Edit
垫江 万州北 15 C6430 一等座 2017-4-2
out Edit
In Modify Ticket
In modifyRemain
Out modifyRemain
Out Modify Ticket
许束伴 061068129 bought 14 商务座 tickets of G257/G260 from 潍坊 to 漯河西 in 2017-4-11
29
G257/G260
in Edit
潍坊 漯河西 14 G257/G260 商务座 2017-4-11
out Edit
In Modify Ticket
In modifyRemain
Out modifyRemain
Out Modify Ticket
吕划短 020153000 bought 2 硬座 tickets of D8453 from 柳州 to 南宁东 in 2017-4-21
30
D8453
in Edit
柳州 南宁东 2 D8453 硬座 2017-4-21
out Edit
In Modify Ticket
In modifyRemain
Out modifyRemain
Out Modify Ticket
邹罪 033123000 bought 9 商务座 tickets of G9006 from 天津西 to 北京南 in 2017-4-7
31
G9006
in Edit
天津西 北京南 9 G9006 商务座 2017-4-7
out Edit
In Modify Ticket
In modifyRemain
Out modifyRemain
Out Modify Ticket
马供孤 050114134 bought 5 无座 tickets of K6512 from 英德 to 韶关东 in 2017-4-27
32
K6512
in Edit
英德 韶关东 5 K6512 无座 2017-4-27
out Edit
In Modify Ticket
In modifyRemain
Out modifyRemain
Out Modify Ticket
袁凤杨 057221185 bought 4 二等座 tickets of D5538 from 扬州 to 南京 in 2017-4-24
33
D5538
in Edit
扬州 南京 4 D5538 二等座 2017-4-24
out Edit
In Modify Ticket
In modifyRemain
Out modifyRemain
Out Modify Ticket
奚雷 043017000 bought 7 二等座 tickets of G8896 from 福田 to 广州南 in 2017-4-18
34
G8896
in Edit
福田 广州南 7 G8896 二等座 2017-4-18
out Edit
In Modify Ticket
In modifyRemain
Out modifyRemain
Out Modify Ticket
柳判 058076000 bought 5 特等座 tickets of G7028 from 苏州 to 南京 in 2017-4-13
35
G7028
in Edit
苏州 南京 5 G7028 特等座 2017-4-13
out Edit
In Modify Ticket
In modifyRemain
Out modifyRemain
Out Modify Ticket
华莱鲜 026167132 bought 6 软座 tickets of T9563 from 石河子 to 奎屯 in 2017-4-25
36
T9563
in Edit
石河子 奎屯 6 T9563 软座 2017-4-25
out Edit
In Modify Ticket
In modifyRemain
Out modifyRemain
Out Modify Ticket
冯林卓 008184183 bought 15 软卧下 tickets of K1262 from 六盘水 to 安顺 in 2017-4-4
37
K1262
in Edit
六盘水 安顺 15 K1262 软卧下 2017-4-4
out Edit
In Modify Ticket
In modifyRemain
Out modifyRemain
Out Modify Ticket
孔禁 023136000 bought 11 一等座 tickets of D7664 from 本溪 to 沈阳南 in 2017-4-17
38
D7664
in Edit
本溪 沈阳南 11 D7664 一等座 2017-4-17
out Edit
In Modify Ticket
In modifyRemain
Out modifyRemain
Out Modify Ticket
何思刘 019207122 bought 8 一等座 tickets of D6882 from 西安北 to 渭南北 in 2017-4-20
39
D6882
in Edit
西安北 渭南北 8 D6882 一等座 2017-4-20
out Edit
In Modify Ticket
In modifyRemain
Out modifyRemain
Out Modify Ticket
尤降听 018119157 bought 14 二等座 tickets of C7716 from 江门东 to 顺德 in 2017-3-29
40
C7716
in Edit
江门东 顺德 14 C7716 二等座 2017-3-29
out Edit
In Modify Ticket
In modifyRemain
Out modifyRemain
Out Modify Ticket
黎玛 063081000 bought 8 硬座 tickets of K9337 from 玉林 to 博白 in 2017-4-6
41
K9337
in Edit
玉林 博白 8 K9337 硬座 2017-4-6
out Edit
In Modify Ticket
In modifyRemain
Out modifyRemain
Out Modify Ticket
赵欧博 000077016 bought 16 二等座 tickets of D3640/D3641 from 梧州南 to 平南南 in 2017-4-21
42
D3640/D3641
in Edit
梧州南 平南南 16 D3640/D3641 二等座 2017-4-21
out Edit
In Modify Ticket
In modifyRemain
Out modifyRemain
Out Modify Ticket
鲁课 047116000 bought 9 硬座 tickets of K9121 from 衡阳 to 耒阳 in 2017-4-20
43
K9121
in Edit
衡阳 耒阳 9 K9121 硬座 2017-4-20
out Edit
In Modify Ticket
In modifyRemain
Out modifyRemain
Out Modify Ticket
朱犯 070048000 bought 19 软座 tickets of G2978 from 曲靖北 to 盘州 in 2017-4-16
44
G2978
in Edit
曲靖北 盘州 19 G2978 软座 2017-4-16
out Edit
In Modify Ticket
In modifyRemain
Out modifyRemain
Out Modify Ticket
杨欧 015077000 bought 15 无座 tickets of K7001 from 哈尔滨 to 绥芬河 in 2017-3-30
45
K7001
in Edit
哈尔滨 绥芬河 15 K7001 无座 2017-3-30
out Edit
In Modify Ticket
In modifyRemain
Out modifyRemain
Out Modify Ticket
张采 022026000 bought 5 硬座 tickets of C6907 from 田心东 to 大丰 in 2017-4-7
46
C6907
in Edit
田心东 大丰 5 C6907 硬座 2017-4-7
out Edit
In Modify Ticket
In modifyRemain
Out modifyRemain
Out Modify Ticket
柳烧谢 058178209 bought 20 一等座 tickets of C7087 from 樟木头 to 深圳 in 2017-4-17
47
C7087
in Edit
樟木头 深圳 20 C7087 一等座 2017-4-17
out Edit
In Modify Ticket
In modifyRemain
Out modifyRemain
Out Modify Ticket
奚萨 043151000 bought 6 软卧下 tickets of K401 from 石家庄 to 周口 in 2017-4-19
48
K401
in Edit
石家庄 周口 6 K401 软卧下 2017-4-19
out Edit
In Modify Ticket
In modifyRemain
Out modifyRemain
Out Modify Ticket
孔鞋 023125000 bought 1 硬卧下 ticket of K9422 from 南充 to 重庆北 in 2017-4-4
49
K9422
in Edit
南充 重庆北 1 K9422 硬卧下 2017-4-4
out Edit
In Modify Ticket
In modifyRemain
Out modifyRemain
Out Modify Ticket
郎浪批 046156082 bought 11 无座 tickets of T5014 from 绥阳 to 牡丹江 in 2017-4-11
50
T5014
in Edit
绥阳 牡丹江 11 T5014 无座 2017-4-11
out Edit
In Modify Ticket
In modifyRemain
Out modifyRemain
Out Modify Ticket
蒋宫层 012110078 bought 20 无座 tickets of Z8316 from 昆明 to 曲靖 in 2017-4-3
51
Z8316
in Edit
昆明 曲靖 20 Z8316 无座 2017-4-3
out Edit
In Modify Ticket
In modifyRemain
Out modifyRemain
Out Modify Ticket
鲁忆 047075000 bought 16 无座 tickets of Z9877 from 西宁 to 德令哈 in 2017-3-28
52
Z9877
in Edit
西宁 德令哈 16 Z9877 无座 2017-3-28
out Edit
In Modify Ticket
In modifyRemain
Out modifyRemain
Out Modify Ticket
周臓康 004056113 bought 12 二等座 tickets of G9262 from 镇江 to 南京 in 2017-4-1
53
G9262
in Edit
镇江 南京 12 G9262 二等座 2017-4-1
out Edit
In Modify Ticket
In modifyRemain
Out modifyRemain
Out Modify Ticket
施典 021165000 bought 6 二等座 tickets of C7101 from 广州东 to 平湖 in 2017-4-4
54
C7101
in Edit
广州东 平湖 6 C7101 二等座 2017-4-4
out Edit
In Modify Ticket
In modifyRemain
Out modifyRemain
Out Modify Ticket
魏洛 028072000 bought 3 一等座 tickets of D3338 from 泉州 to 莆田 in 2017-4-24
55
D3338
in Edit
泉州 莆田 3 D3338 一等座 2017-4-24
out Edit
In Modify Ticket
In modifyRemain
Out modifyRemain
Out Modify Ticket
邹腿 033174000 bought 5 特等座 tickets of C2246 from 天津 to 武清 in 2017-4-15
56
C2246
in Edit
天津 武清 5 C2246 特等座 2017-4-15
out Edit
In Modify Ticket
In modifyRemain
Out modifyRemain
Out Modify Ticket
许灯忆 061058075 bought 5 一等座 tickets of D2723 from 兰州西 to 西宁 in 2017-4-9
57
D2723
in Edit
兰州西 西宁 5 D2723 一等座 2017-4-9
out Edit
In Modify Ticket
In modifyRemain
Out modifyRemain
Out Modify Ticket
施盛 021169000 bought 14 硬座 tickets of K150 from 永州 to 宜春 in 2017-4-5
58
K150
in Edit
永州 宜春 14 K150 硬座 2017-4-5
out Edit
In Modify Ticket
In modifyRemain
Out modifyRemain
Out Modify Ticket
马云缺 050002074 bought 16 无座 tickets of C6133 from 犀浦 to 都江堰 in 2017-4-11
59
C6133
in Edit
犀浦 都江堰 16 C6133 无座 2017-4-11
out Edit
In Modify Ticket
In modifyRemain
Out modifyRemain
Out Modify Ticket
俞禁妹 055136141 bought 2 无座 tickets of Z6541 from 包头 to 临河 in 2017-4-19
60
Z6541
in Edit
包头 临河 2 Z6541 无座 2017-4-19
out Edit
In Modify Ticket
In modifyRemain
Out modifyRemain
Out Modify Ticket
施巨杨 074059182 bought 13 二等座 tickets of G8524 from 重庆北 to 成都东 in 2017-4-19
61
G8524
in Edit
重庆北 成都东 13 G8524 二等座 2017-4-19
out Edit
In Modify Ticket
In modifyRemain
Out modifyRemain
Out Modify Ticket
卢应方 064200191 bought 14 一等座 tickets of D2261/D2264 from 恩施 to 红安西 in 2017-4-10
62
D2261/D2264
in Edit
恩施 红安西 14 D2261/D2264 一等座 2017-4-10
out Edit
In Modify Ticket
In modifyRemain
Out modifyRemain
Out Modify Ticket
杨菜 059152000 bought 14 一等座 tickets of D7525/D7528 from 常平 to 潮汕 in 2017-4-10
63
D7525/D7528
in Edit
常平 潮汕 14 D7525/D7528 一等座 2017-4-10
out Edit
In Modify Ticket
In modifyRemain
Out modifyRemain
Out Modify Ticket
郎委碃 046093163 bought 10 一等座 tickets of G285 from 枣庄 to 娄底南 in 2017-4-7
64
G285
in Edit
枣庄 娄底南 10 G285 一等座 2017-4-7
out Edit
In Modify Ticket
In modifyRemain
Out modifyRemain
Out Modify Ticket
方岛 054083000 bought 16 二等座 tickets of C6552 from 威海北 to 青岛北 in 2017-4-2
65
C6552
in Edit
威海北 青岛北 16 C6552 二等座 2017-4-2
out Edit
In Modify Ticket
In modifyRemain
Out modifyRemain
Out Modify Ticket
严降 025119000 bought 14 特等座 tickets of C2068 from 天津 to 北京南 in 2017-4-9
66
C2068
in Edit
天津 北京南 14 C2068 特等座 2017-4-9
out Edit
In Modify Ticket
In modifyRemain
Out modifyRemain
Out Modify Ticket
杨喊 015118000 bought 4 一等座 tickets of C5511 from 武汉 to 黄石北 in 2017-4-26
67
C5511
in Edit
武汉 黄石北 4 C5511 一等座 2017-4-26
out Edit
In Modify Ticket
In modifyRemain
Out modifyRemain
Out Modify Ticket
曹困杨 024121182 bought 3 硬座 tickets of C6982 from 芙蓉南 to 树木岭 in 2017-4-6
68
C6982
in Edit
芙蓉南 树木岭 3 C6982 硬座 2017-4-6
out Edit
In Modify Ticket
In modifyRemain
Out modifyRemain
Out Modify Ticket
刘划介 067153177 bought 3 无座 tickets of D5942/D5943 from 武汉 to 荆州 in 2017-4-8
69
D5942/D5943
in Edit
武汉 荆州 3 D5942/D5943 无座 2017-4-8
out Edit
In Modify Ticket
In modifyRemain
Out modifyRemain
Out Modify Ticket
吕蔡招 020212175 bought 15 二等座 tickets of D8310 from 钦州东 to 南宁东 in 2017-4-12
70
D8310
in Edit
钦州东 南宁东 15 D8310 二等座 2017-4-12
out Edit
In Modify Ticket
In modifyRemain
Out modifyRemain
Out Modify Ticket
谢毕 068029000 bought 13 无座 tickets of D202 from 广州南 to 南宁东 in 2017-4-15
71
D202
in Edit
广州南 南宁东 13 D202 无座 2017-4-15
out Edit
In Modify Ticket
In modifyRemain
Out modifyRemain
Out Modify Ticket
方迷毕 054006029 bought 11 无座 tickets of D4640 from 哈尔滨西 to 北京 in 2017-4-24
72
D4640
in Edit
哈尔滨西 北京 11 D4640 无座 2017-4-24
out Edit
In Modify Ticket
In modifyRemain
Out modifyRemain
Out Modify Ticket
沈兰 013219000 bought 17 软卧下 tickets of K179 from 卫辉 to 郑州 in 2017-4-8
73
K179
in Edit
卫辉 郑州 17 K179 软卧下 2017-4-8
out Edit
In Modify Ticket
In modifyRemain
Out modifyRemain
Out Modify Ticket
凤应妙 052200096 bought 10 二等座 tickets of D9985 from 福州 to 厦门北 in 2017-4-24
74
D9985
in Edit
福州 厦门北 10 D9985 二等座 2017-4-24
out Edit
In Modify Ticket
In modifyRemain
Out modifyRemain
Out Modify Ticket
鲁宫 047110000 bought 1 二等座 ticket of G8893 from 深圳北 to 福田 in 2017-4-19
75
G8893
in Edit
深圳北 福田 1 G8893 二等座 2017-4-19
out Edit
In Modify Ticket
In modifyRemain
Out modifyRemain
Out Modify Ticket
吴鞋银 005125107 bought 17 二等座 tickets of G9201 from 鹤壁东 to 郑州东 in 2017-4-13
76
G9201
in Edit
鹤壁东 郑州东 17 G9201 二等座 2017-4-13
out Edit
In Modify Ticket
In modifyRemain
Out modifyRemain
Out Modify Ticket
华练 026045000 bought 7 硬卧下 tickets of T3289 from 道州 to 江永 in 2017-4-22
77
T3289
in Edit
道州 江永 7 T3289 硬卧下 2017-4-22
out Edit
In Modify Ticket
In modifyRemain
Out modifyRemain
Out Modify Ticket
戚疑 031044000 bought 12 硬座 tickets of D9730 from 惠州南 to 潮汕 in 2017-4-5
78
D9730
in Edit
惠州南 潮汕 12 D9730 硬座 2017-4-5
out Edit
In Modify Ticket
In modifyRemain
Out modifyRemain
Out Modify Ticket
钱脱状 001042033 bought 8 二等座 tickets of D5606 from 弋江 to 芜湖 in 2017-4-12
79
D5606
in Edit
弋江 芜湖 8 D5606 二等座 2017-4-12
out Edit
In Modify Ticket
In modifyRemain
Out modifyRemain
Out Modify Ticket
窦藸 037142000 bought 13 软座 tickets of C6146 from 都江堰 to 郫县西 in 2017-3-30
80
C6146
in Edit
都江堰 郫县西 13 C6146 软座 2017-3-30
out Edit
In Modify Ticket
In modifyRemain
Out modifyRemain
Out Modify Ticket
何套 019112000 bought 5 一等座 tickets of G597/G600 from 南京南 to 上海虹桥 in 2017-4-16
81
G597/G600
in Edit
南京南 上海虹桥 5 G597/G600 一等座 2017-4-16
out Edit
In Modify Ticket
In modifyRemain
Out modifyRemain
Out Modify Ticket
鲁健 047126000 bought 1 软卧下 ticket of K106 from 龙川 to 定南 in 2017-4-16
82
K106
in Edit
龙川 定南 1 K106 软卧下 2017-4-16
out Edit
In Modify Ticket
In modifyRemain
Out modifyRemain
Out Modify Ticket
方谢 062209000 bought 15 一等座 tickets of D9631 from 尤溪 to 福州 in 2017-4-18
83
D9631
in Edit
尤溪 福州 15 D9631 一等座 2017-4-18
out Edit
In Modify Ticket
In modifyRemain
Out modifyRemain
Out Modify Ticket
郝坤 073181000 bought 13 无座 tickets of K6502 from 乐昌 to 坪石 in 2017-3-30
84
K6502
in Edit
乐昌 坪石 13 K6502 无座 2017-3-30
out Edit
In Modify Ticket
In modifyRemain
Out modifyRemain
Out Modify Ticket
沈静餐 013213071 bought 19 硬卧下 tickets of K8585 from 水家湖 to 合肥 in 2017-4-10
85
K8585
in Edit
水家湖 合肥 19 K8585 硬卧下 2017-4-10
out Edit
In Modify Ticket
In modifyRemain
Out modifyRemain
Out Modify Ticket
俞思 055207000 bought 6 二等座 tickets of D4704 from 广州南 to 郁南 in 2017-4-10
86
D4704
in Edit
广州南 郁南 6 D4704 二等座 2017-4-10
out Edit
In Modify Ticket
In modifyRemain
Out modifyRemain
Out Modify Ticket
韩困藸 014121142 bought 8 二等座 tickets of G6229 from 广州南 to 光明城 in 2017-4-11
87
G6229
in Edit
广州南 光明城 8 G6229 二等座 2017-4-11
out Edit
In Modify Ticket
In modifyRemain
Out modifyRemain
Out Modify Ticket
黎朱弄 063215102 bought 6 硬座 tickets of K8214 from 紫阳 to 安康 in 2017-3-29
88
K8214
in Edit
紫阳 安康 6 K8214 硬座 2017-3-29
out Edit
In Modify Ticket
In modifyRemain
Out modifyRemain
Out Modify Ticket
吕典缺 020165074 bought 17 一等座 tickets of D6808 from 宝鸡南 to 西安北 in 2017-4-2
89
D6808
in Edit
宝鸡南 西安北 17 D6808 一等座 2017-4-2
out Edit
In Modify Ticket
In modifyRemain
Out modifyRemain
Out Modify Ticket
杨诺伙 059105138 bought 7 商务座 tickets of D6872 from 西安北 to 大荔 in 2017-4-6
90
D6872
in Edit
西安北 大荔 7 D6872 商务座 2017-4-6
out Edit
In Modify Ticket
In modifyRemain
Out modifyRemain
Out Modify Ticket
卢判副 064076145 bought 11 一等座 tickets of G8911 from 北京南 to 天津西 in 2017-4-6
91
G8911
in Edit
北京南 天津西 11 G8911 一等座 2017-4-6
out Edit
In Modify Ticket
In modifyRemain
Out modifyRemain
Out Modify Ticket
钱恶施 001091224 bought 9 二等座 tickets of C2983 from 焦作 to 郑州 in 2017-3-28
92
C2983
in Edit
焦作 郑州 9 C2983 二等座 2017-3-28
out Edit
In Modify Ticket
In modifyRemain
Out modifyRemain
Out Modify Ticket
马脱 050042000 bought 19 一等座 tickets of D7319 from 海口东 to 三亚 in 2017-4-9
93
D7319
in Edit
海口东 三亚 19 D7319 一等座 2017-4-9
out Edit
In Modify Ticket
In modifyRemain
Out modifyRemain
Out Modify Ticket
杨懂 060087000 bought 16 二等座 tickets of D5603 from 池州 to 安庆 in 2017-4-4
94
D5603
in Edit
池州 安庆 16 D5603 二等座 2017-4-4
out Edit
In Modify Ticket
In modifyRemain
Out modifyRemain
Out Modify Ticket
喻听恐 034157137 bought 8 二等座 tickets of D4802 from 西宁 to 兰州西 in 2017-4-27
95
D4802
in Edit
西宁 兰州西 8 D4802 二等座 2017-4-27
out Edit
In Modify Ticket
In modifyRemain
Out modifyRemain
Out Modify Ticket
郝疑 073044000 bought 9 无座 tickets of D3112 from 深圳北 to 福州南 in 2017-4-9
96
D3112
in Edit
深圳北 福州南 9 D3112 无座 2017-4-9
out Edit
In Modify Ticket
In modifyRemain
Out modifyRemain
Out Modify Ticket
俞思方 055207203 bought 4 一等座 tickets of D6076 from 即墨北 to 淄博 in 2017-4-14
97
D6076
in Edit
即墨北 淄博 4 D6076 一等座 2017-4-14
out Edit
In Modify Ticket
In modifyRemain
Out modifyRemain
Out Modify Ticket
杨财 059133000 bought 10 无座 tickets of C6959 from 湘府路 to 暮云 in 2017-4-8
98
C6959
in Edit
湘府路 暮云 10 C6959 无座 2017-4-8
out Edit
In Modify Ticket
In modifyRemain
Out modifyRemain
Out Modify Ticket
施琰 021223000 bought 17 软座 tickets of K8424 from 芜湖 to 巢湖 in 2017-4-1
99
K8424
in Edit
芜湖 巢湖 17 K8424 软座 2017-4-1
out Edit
In Modify Ticket
In modifyRemain
Out modifyRemain
Out Modify Ticket

施典 021165000 refunded 5 二等座 tickets of C7101 from 广州东 to 平湖 in 2017-4-4
100
C7101
in Edit
广州东 平湖 -5 C7101 二等座 2017-4-4
